
### @row: [
###         '1',
###         'ls -l'
###       ]

### $rv: [
###        [
###          '1',
###          'ls -l'
###        ]
###      ]

### @row: [
###         '2',
###         'cat food'
###       ]

### $rv: [
###        [
###          '1',
###          'ls -l'
###        ],
###        [
###          '2',
###          'cat food'
###        ]
###      ]

### @row: [
###         '3',
###         'echo ${USER}'
###       ]

### $rv: [
###        [
###          '1',
###          'ls -l'
###        ],
###        [
###          '2',
###          'cat food'
###        ],
###        [
###          '3',
###          'echo ${USER}'
###        ]
###      ]

### $got: [
###         [
###           '1',
###           'ls -l'
###         ],
###         [
###           '2',
###           'cat food'
###         ],
###         [
###           '3',
###           'echo ${USER}'
###         ]
###       ]

### $want: [
###          [
###            'ls -l',
###            'cat food',
###            'echo ${USER}'
###          ]
###        ]
